 <capi20>:CertOpenSystemStoreA (hProv = (nil), pszSubsystemProtocol = uMY) (:879)
 <capi20>:CertOpenStore (Provider = 0x9, dwEncodingType = 0x10001, hCryptProv = (nil), Flags = 0x00010000, pvPara = 0x1f66de0) (:683)
 <capi20>:CertOpenStore (Provider = 0xb, dwEncodingType = 0x0, hCryptProv = (nil), Flags = 0x00000000, pvPara = (nil)) (:683)
 <capi20>:CertOpenStore returned: hCertStore = 0x1f67fa0 (:756)
 <capi10>:CryptAcquireContextA (Provider = null, Container = null, ProvType = 75, Flags = 0xF0000000, LastError=0x0) (:739)
 <csp>:CreateCSProvider ok (:631)
 <csp>:CPCAcquireContext (pszContainer: null, pszProvName: Crypto-Pro GOST R 34.10-2001 KC1 CSP, dwFlags: 0xf0000000) (:368)
 <csp>:CreateContainer CreateContainer (:353)
 <csp>:CPCAcquireContext (pszContainer=null, dwFlags=0xf0000000). No hCSP. Result=1, Err=0x0. hProv=0x7110007b. (:519)
 <capi10>:CryptAcquireContextA returned: hProv = 0x1f675a3; LastError = 0x0 (:806)
 <capi10>:CryptContextAddRef (hProv = 0x1f675a3, pdwReserved = (nil), dwFlags = 0x0) (:2389)
 <capi10>:CryptContextAddRef returned (:2405)
 <capi20>:CertDuplicateStore (hCertStore = 0x1f6c0e0) (:834)
 <capi20>:CertDuplicateStore returned: hCertStore = 0x1f6c0e0 (:845)
 <capi20>:CertCloseStore (hCertStore = 0x1f6c0e0, Flags = 0x00000000) (:969)
 <capi20>:CertCloseStore returned (:1000)
 <capi10>:CryptContextAddRef (hProv = 0x1f675a3, pdwReserved = (nil), dwFlags = 0x0) (:2389)
 <capi10>:CryptContextAddRef returned (:2405)
 <capi10>:CryptReleaseContext (hProv = 0x1f675a3, dwFlags = 0x0) (:920)
 <capi10>:CryptReleaseContext returned (:936)
 <capi20>:CertOpenStore returned: hCertStore = 0x1f67fa0 (:756)
 <capi20>:CertOpenSystemStoreA returned: hStore = 0x1f67fa0 (:889)
 <capi20>:CertFindCertificateInStore (hCertStore = 0x1f67fa0, dwCertEncodingType = 65537, dwFindFlags = 0x00000000, dwFindType = 65536, pvFindPara = 0xc0002491d0, pPrevCertContext = (nil)) (:1392)
 <capi20>:CertFindCertificateInStore failed: LastError = 0x80092004 (:1432)
 <capi20>:CertFindCertificateInStore (hCertStore = 0x1f67fa0, dwCertEncodingType = 65537, dwFindFlags = 0x00000000, dwFindType = 65536, pvFindPara = 0xc000249460, pPrevCertContext = (nil)) (:1392)
 <capi20>:CertFindCertificateInStore failed: LastError = 0x80092004 (:1432)
