 <capi20>:CertOpenSystemStoreA (hProv = (nil), pszSubsystemProtocol = MY) (:879)
 <capi20>:CertOpenStore (Provider = 0x9, dwEncodingType = 0x10001, hCryptProv = (nil), Flags = 0x00010000, pvPara = 0x1da5880) (:683)
 <capi20>:CertOpenStore (Provider = 0xb, dwEncodingType = 0x0, hCryptProv = (nil), Flags = 0x00000000, pvPara = (nil)) (:683)
 <capi20>:CertOpenStore returned: hCertStore = 0x1dabd80 (:756)
 <capi10>:CryptAcquireContextA (Provider = null, Container = null, ProvType = 75, Flags = 0xF0000000, LastError=0x0) (:739)
 <csp>:CreateCSProvider ok (:631)
 <csp>:CPCAcquireContext (pszContainer: null, pszProvName: Crypto-Pro GOST R 34.10-2001 KC1 CSP, dwFlags: 0xf0000000) (:368)
 <csp>:CreateContainer CreateContainer (:353)
 <csp>:CPCAcquireContext (pszContainer=null, dwFlags=0xf0000000). No hCSP. Result=1, Err=0x0. hProv=0x10000039. (:519)
 <capi10>:CryptAcquireContextA returned: hProv = 0x1daac03; LastError = 0x0 (:806)
 <capi10>:CryptContextAddRef (hProv = 0x1daac03, pdwReserved = (nil), dwFlags = 0x0) (:2389)
 <capi10>:CryptContextAddRef returned (:2405)
 <capi20>:CertDuplicateStore (hCertStore = 0x1daff10) (:834)
 <capi20>:CertDuplicateStore returned: hCertStore = 0x1daff10 (:845)
 <capi20>:CertCloseStore (hCertStore = 0x1daff10, Flags = 0x00000000) (:969)
 <capi20>:CertCloseStore returned (:1000)
 <capi20>:CertOpenStore returned: hCertStore = 0x1dabd80 (:756)
 <capi20>:CertOpenSystemStoreA returned: hStore = 0x1dabd80 (:889)
 <capi20>:CertFindCertificateInStore (hCertStore = 0x1dabd80, dwCertEncodingType = 65537, dwFindFlags = 0x00000000, dwFindType = 65536, pvFindPara = 0xc000058f20, pPrevCertContext = (nil)) (:1392)
 <capi20>:CryptDecodeObject (dwCertEncodingType = 65537, lpszStructType = 0x2, pbEncoded = 0x1e03c48, cbEncoded = 2845, dwFlags = 0x0, pcbStructInfo = 0x7ffe95bf339c) (:140)
 <capi20>:CryptDecodeObject (returned: pvStructInfo = (nil), pcbStructInfo = 4152) (:240)
 <capi20>:CryptDecodeObject (dwCertEncodingType = 65537, lpszStructType = 0x2, pbEncoded = 0x1e03c48, cbEncoded = 2845, dwFlags = 0x0, pcbStructInfo = 0x7ffe95bf339c) (:140)
 <capi20>:CryptDecodeObject (returned: pvStructInfo = 0x1e009b0, pcbStructInfo = 4152) (:240)
 <capi20>:CryptHashCertificate (hCryptProv = 0x1daac03, Algid = 0x8004, Flags = 0x00000000, pbEncoded = 0x1e03c48, cbEncoded = 2845, pbComputedHash = 0x1e01a08, pcbComputedHash = 0x7ffe95bf33ac) (:65)
 <capi10>:CryptCreateHash (hProv = 0x1daac03, Algid = 0x8004, hKey = (nil), dwFlags = 0x0) (:1814)
 <csp>:CPCCreateHash (...) (:2552)
 <csp>:CPCCreateHash (hProv=0x10000039, AlgID=0x8004, hKey=0x0, dwFlags=0x0). Result=1, Err=0x0, hHash=0x18b0005e. (:2650)
 <capi10>:CryptCreateHash returned: hHash = 0x1e01a33 (:1829)
 <capi10>:CryptHashData (hHash = 0x1e01a33, dwDataLen = 0xB1D, dwFlags = 0x0) (:1889)
 <csp>:CPCHashData (...) (:4981)
 <csp>:CPCHashData (hProv=0x10000039, hHash=0x18b0005e, dwFlags=0x0). Result=1, Err=0x0. (:5034)
 <capi10>:CryptHashData returned (:1909)
 <capi10>:CryptGetHashParam (hHash = 0x1e01a33, dwParam = 2, dwFlags = 0x0) (:1316)
 <csp>:CPCGetHashParam (...) (:4320)
 <csp>:CPCGetHashParam (hProv=0x10000039, hHash=0x18b0005e, dwParam=HP_HASHVAL, dwFlags=0x0). Result=1, Err=0x0. (:4342)
 <capi10>:CryptGetHashParam returned: dwDataLen = 0x14 (:1329)
 <capi10>:CryptDestroyHash (hHash = 0x1e01a33) (:1997)
 <csp>:CPCDestroyHash_impl (hHash=0x18b0005e) (:2734)
 <csp>:CPCDestroyHash_impl (hProv=0x10000039, hHash=0x18b0005e). Result=1, Err=0x0. (:2753)
 <capi10>:CryptDestroyHash returned (:2009)
 <capi20>:CryptHashCertificate returned (:97)
 <capi20>:CertFindCertificateInStore returned: pCertContext = 0x1e00978 (:1427)
 <capi20>:CertNameToStrA (dwCertEncodingType = 1, pName = 0x1e00a00, dwStrType = 1, csz = 0) (:184)
 <capi20>:CertNameToStrW (dwCertEncodingType = 1, pName = 0x1e00a00, dwStrType = 1, csz = 0) (:83)
 <capi20>:CertNameToStrW (returned: psz = null, dwResult = 198) (:146)
 <capi20>:CertNameToStrA (returned: psz = null, dwResult = 789) (:237)
 <capi20>:CertNameToStrA (dwCertEncodingType = 1, pName = 0x1e00a00, dwStrType = 1, csz = 789) (:184)
 <capi20>:CertNameToStrW (dwCertEncodingType = 1, pName = 0x1e00a00, dwStrType = 1, csz = 789) (:83)
 <capi20>:CertNameToStrW (returned: psz =  (:146)
 <capi20>:CertNameToStrA (returned: psz = RU, 77 ГОРОД МОСКВА, ГОРОД МОСКВА, "УЛИЦА КАЛАНЧЕВСКАЯ, 16, СТР.1", "ООО ""БКИ СБ""", "ОБЩЕСТВО С ОГРАНИЧЕННОЙ ОТВЕТСТВЕ
 <capi20>:CryptAcquireCertificatePrivateKey (pCert = 0x1e00978, dwFlags = 0x0, pvReserved = (nil)) (:100)
 <capi10>:CryptAcquireContextA (Provider = Crypto-Pro GOST R 34.10-2012 KC1 CSP, Container = HDIMAGE\\pfx-e3d6.000\5A30, ProvType = 80, Flags = 0x00000000, LastError=0x0) (:739)
 <csp>:CPCAcquireContext (pszContainer: HDIMAGE\\pfx-e3d6.000\5A30, pszProvName: Crypto-Pro GOST R 34.10-2012 KC1 CSP, dwFlags: 0x0) (:368)
 16:34:44.817731 support_an_fopen:90 p:93395 t:0x0x7f0ca2567c40 support_an_fopen("/var/opt/cprocsp/users/global.ini", "rb") = 0x(nil) fail Permission denied(13)
 16:34:44.817749 support_an_fopen:90 p:93395 t:0x0x7f0ca2567c40 support_an_fopen("/etc/opt/cprocsp/policies.ini", "rb") = 0x(nil) fail No such file or directory(2)
 16:34:44.817775 support_an_fopen:90 p:93395 t:0x0x7f0ca2567c40 support_an_fopen("/etc/opt/cprocsp/policies.ini", "rb") = 0x(nil) fail No such file or directory(2)
 <csp>:OpenContainer (...) (:760)
 <csp>:try_put_params_to_cache put to cache. SID: Upvv (:452)
 <csp>:CPCAcquireContext (pszContainer=HDIMAGE\\pfx-e3d6.000\5A30, dwFlags=0x0). Result=1, Err=0x0. hProv=0x8a0000b2. (:514)
 <capi10>:CryptAcquireContextA returned: hProv = 0x1e01b13; LastError = 0x0 (:806)
 <capi20>:CryptAcquireCertificatePrivateKey (returned: phCryptProv = 0xc000024658, pdwKeySpec = 0xc000024670, pfCallerFreeProv = 0xc000024674) (:309)
 [98B blob data]
 <capi10>:CryptGetProvParam (hProv = 0x1e01b13, dwParam = 16, dwFlags = 0x0) (:1418)
 <csp>:CPCGetProvParam (hProv=0x8a0000b2, dwParam=16) (:1305)
 <csp>:CPCGetProvParam (hProv=0x8a0000b2, dwParam=16). Result=1, Err=0x0. (:1346)
 <capi10>:CryptGetProvParam returned: dwDataLen = 0x4, LastError=0x0 (:1449)
 <capi20>:PrepareHashCompatibleSigner Provider Type: 80 (:144)
 <capi20>:CertFindAttribute (pszObjId = 0x7f0ca2d6d9d2, cAttribute = 0, rgAttribute = (nil)) (:61)
 <capi20>:CertFindAttribute (returned: resAttribute = (nil)) (:72)
 <capi20>:CertFindAttribute (pszObjId = 0x7f0ca2d6d9ed, cAttribute = 0, rgAttribute = (nil)) (:61)
 <capi20>:CertFindAttribute (returned: resAttribute = (nil)) (:72)
 <capi20>:CertFindAttribute (pszObjId = 0x7f0ca2d6da08, cAttribute = 0, rgAttribute = (nil)) (:61)
 <capi20>:CertFindAttribute (returned: resAttribute = (nil)) (:72)
 <capi20>:CertOpenStore (Provider = 0x2, dwEncodingType = 0x0, hCryptProv = (nil), Flags = 0x00000000, pvPara = (nil)) (:683)
 <capi10>:CryptContextAddRef (hProv = 0x1daac03, pdwReserved = (nil), dwFlags = 0x0) (:2389)
 <capi10>:CryptContextAddRef returned (:2405)
 <capi20>:CertOpenStore returned: hCertStore = 0x1e2e2b0 (:756)
 <capi20>:CertAddEncodedCertificateToStore (hCertStore = 0x1e2e2b0, dwCertEncodingType = 65537, pbCertEncoded = 0x1e03c48, cbCertEncoded = 2845, dwAddDisposition = 4) (:371)
 <capi20>:CertCreateCertificateContext (dwCertEncodingType = 65537, pbCertEncoded = 0x1e03c48, cbCertEncoded = 2845) (:1117)
 <capi20>:CryptDecodeObject (dwCertEncodingType = 65537, lpszStructType = 0x2, pbEncoded = 0x1e326e8, cbEncoded = 2845, dwFlags = 0x0, pcbStructInfo = 0x7ffe95bf31ec) (:140)
 <capi20>:CryptDecodeObject (returned: pvStructInfo = (nil), pcbStructInfo = 4152) (:240)
 <capi20>:CryptDecodeObject (dwCertEncodingType = 65537, lpszStructType = 0x2, pbEncoded = 0x1e326e8, cbEncoded = 2845, dwFlags = 0x0, pcbStructInfo = 0x7ffe95bf31ec) (:140)
 <capi20>:CryptDecodeObject (returned: pvStructInfo = 0x1e333b0, pcbStructInfo = 4152) (:240)
 <capi20>:CertCreateCertificateContext returned: pCertContext = 0x1e27f48 (:1166)
 <capi20>:CertAddCertificateContextToStore (hCertStore = 0x1e2e2b0, pCertContext = 0x1e27f48, dwAddDisposition = 4) (:108)
 <capi20>:CertAddCertificateContextToStore returned: ppStoreContext = (nil) (:211)
 <capi20>:CertFreeCertificateContext (pCertContext = 0x1e27f48) (:1028)
 <capi20>:CertFreeCertificateContext returned (:1039)
 <capi20>:CertAddEncodedCertificateToStore returned: ppCertContext = (nil) (:387)
 <capi20>:CertFindCertificateInStore (hCertStore = 0x1e2e2b0, dwCertEncodingType = 65537, dwFindFlags = 0x00000000, dwFindType = 1048576, pvFindPara = 0x7ffe95bf3370, pPrevCertContext = (nil)) (:1392)
 <capi20>:CryptDecodeObject (dwCertEncodingType = 65537, lpszStructType = 0x2, pbEncoded = 0x1e34788, cbEncoded = 2845, dwFlags = 0x0, pcbStructInfo = 0x7ffe95bf313c) (:140)
 <capi20>:CryptDecodeObject (returned: pvStructInfo = (nil), pcbStructInfo = 4152) (:240)
 <capi20>:CryptDecodeObject (dwCertEncodingType = 65537, lpszStructType = 0x2, pbEncoded = 0x1e34788, cbEncoded = 2845, dwFlags = 0x0, pcbStructInfo = 0x7ffe95bf313c) (:140)
 <capi20>:CryptDecodeObject (returned: pvStructInfo = 0x1e333b0, pcbStructInfo = 4152) (:240)
 <capi20>:CertFindCertificateInStore returned: pCertContext = 0x1e27f48 (:1427)
 <capi20>:CertCloseStore (hCertStore = 0x1e2e2b0, Flags = 0x00000000) (:969)
 <capi10>:CryptReleaseContext (hProv = 0x1daac03, dwFlags = 0x0) (:920)
 <capi10>:CryptReleaseContext returned (:936)
 <capi20>:CertCloseStore returned (:1000)
 <capi20>:CertOIDToAlgId (pszObjId = 0x1e2c5f0) (:34)
 <capi10>:CryptFindOIDInfo (dwKeyType = 1, pvKey = 0x1e2c5f0, dwGroupId = 0) (:1022)
 <capi10>:CryptFindOIDInfo returned: pRetOIDInfo = 0x7f0ca2b2e270 (:1067)
 <capi20>:CertOIDToAlgId (returned: dwAlgId = 0x8021) (:52)
 <capi20>:CryptHashCertificate (hCryptProv = (nil), Algid = 0x8021, Flags = 0x00000000, pbEncoded = 0x1e34788, cbEncoded = 2845, pbComputedHash = 0x7ffe95bf3330, pcbComputedHash = 0x7ffe95bf3308) (:65)
 <capi10>:CPCAPI_I_CryptGetDefaultCryptProv (Algid = 0x8021) (:553)
 <capi10>:CryptAcquireContextA (Provider = null, Container = null, ProvType = 80, Flags = 0xF0000000, LastError=0x0) (:739)
 <csp>:CPCAcquireContext (pszContainer: null, pszProvName: Crypto-Pro GOST R 34.10-2012 KC1 CSP, dwFlags: 0xf0000000) (:368)
 <csp>:CreateContainer CreateContainer (:353)
 <csp>:CPCAcquireContext (pszContainer=null, dwFlags=0xf0000000). No hCSP. Result=1, Err=0x0. hProv=0x82b000d7. (:519)
 <capi10>:CryptAcquireContextA returned: hProv = 0x1e2d3c3; LastError = 0x0 (:806)
 <capi10>:CryptContextAddRef (hProv = 0x1e2d3c3, pdwReserved = (nil), dwFlags = 0x0) (:2389)
 <capi10>:CryptContextAddRef returned (:2405)
 <capi10>:CPCAPI_I_CryptGetDefaultCryptProv returned (:618)
 <capi10>:CryptCreateHash (hProv = 0x1e2d3c3, Algid = 0x8021, hKey = (nil), dwFlags = 0x0) (:1814)
 <csp>:CPCCreateHash (...) (:2552)
 <csp>:CPCCreateHash (hProv=0x82b000d7, AlgID=0x8021, hKey=0x0, dwFlags=0x0). Result=1, Err=0x0, hHash=0xaf60006c. (:2650)
 <capi10>:CryptCreateHash returned: hHash = 0x1e36a93 (:1829)
 <capi10>:CryptHashData (hHash = 0x1e36a93, dwDataLen = 0xB1D, dwFlags = 0x0) (:1889)
 <csp>:CPCHashData (...) (:4981)
 <csp>:CPCHashData (hProv=0x82b000d7, hHash=0xaf60006c, dwFlags=0x0). Result=1, Err=0x0. (:5034)
 <capi10>:CryptHashData returned (:1909)
 <capi10>:CryptGetHashParam (hHash = 0x1e36a93, dwParam = 2, dwFlags = 0x0) (:1316)
 <csp>:CPCGetHashParam (...) (:4320)
 <csp>:CPCGetHashParam (hProv=0x82b000d7, hHash=0xaf60006c, dwParam=HP_HASHVAL, dwFlags=0x0). Result=1, Err=0x0. (:4342)
 <capi10>:CryptGetHashParam returned: dwDataLen = 0x20 (:1329)
 <capi10>:CryptDestroyHash (hHash = 0x1e36a93) (:1997)
 <csp>:CPCDestroyHash_impl (hHash=0xaf60006c) (:2734)
 <csp>:CPCDestroyHash_impl (hProv=0x82b000d7, hHash=0xaf60006c). Result=1, Err=0x0. (:2753)
 <capi10>:CryptDestroyHash returned (:2009)
 <capi10>:CryptReleaseContext (hProv = 0x1e2d3c3, dwFlags = 0x0) (:920)
 <capi10>:CryptReleaseContext returned (:936)
 <capi20>:CryptHashCertificate returned (:97)
 <capi20>:CryptEncodeObject (dwCertEncodingType = 65537, lpszStructType = 0x7f0ca2d58b10, pvStructInfo = 0x7ffe95bf3310, pcbEncoded = 0x7ffe95bf330c) (:291)
 <cpext>:RNetDllSigningCertificateV2Encode {42AB327A-BE56-4899-9B81-1BF2F3C5E154}(#0) (:115)
 <cpext>:RNetDllSigningCertificateV2EncodeEx {42AB327A-BE56-4899-9B81-1BF2F3C5E154}(#0) (:75)
 <cpext>:RNetDllSigningCertificateV2EncodeEx return:1 (:92)
 <cpext>:RNetDllSigningCertificateV2Encode return:1 (:125)
 <capi20>:CryptEncodeObject (returned: pbEncoded = (nil)) (:310)
 <capi20>:CryptEncodeObject (dwCertEncodingType = 65537, lpszStructType = 0x7f0ca2d58b10, pvStructInfo = 0x7ffe95bf3310, pcbEncoded = 0x7ffe95bf330c) (:291)
 <cpext>:RNetDllSigningCertificateV2Encode {42AB327A-BE56-4899-9B81-1BF2F3C5E154}(#0) (:115)
 <cpext>:RNetDllSigningCertificateV2EncodeEx {42AB327A-BE56-4899-9B81-1BF2F3C5E154}(#0) (:75)
 <cpext>:RNetDllSigningCertificateV2EncodeEx return:1 (:92)
 <cpext>:RNetDllSigningCertificateV2Encode return:1 (:125)
 <capi20>:CryptEncodeObject (returned: pbEncoded = 0x1e366e8) (:310)
 <capi20>:CertFreeCertificateContext (pCertContext = 0x1e27f48) (:1028)
 <capi20>:CertFreeCertificateContext returned (:1039)
 <capi20>:CertFindAttribute (pszObjId = 0x7f0ca2d5899b, cAttribute = 1, rgAttribute = 0x1e366c0) (:61)
 <capi20>:CertFindAttribute (returned: resAttribute = (nil)) (:72)
 <capi20>:CryptEncodeObject (dwCertEncodingType = 65537, lpszStructType = 0x7f0ca2d5899b, pvStructInfo = 0x7ffe95bf3370, pcbEncoded = 0x7ffe95bf3330) (:291)
 <capi20>:CryptEncodeObject (returned: pbEncoded = (nil)) (:310)
 <capi20>:CryptEncodeObject (dwCertEncodingType = 65537, lpszStructType = 0x7f0ca2d5899b, pvStructInfo = 0x7ffe95bf3370, pcbEncoded = 0x7ffe95bf3330) (:291)
 <capi20>:CryptEncodeObject (returned: pbEncoded = 0x1e32d40) (:310)
 <capi20>:CryptEncodeObject (dwCertEncodingType = 65537, lpszStructType = 0x1c, pvStructInfo = 0x7ffe95bf33c8, pcbEncoded = 0x7ffe95bf327c) (:291)
 <capi20>:CryptEncodeObject (returned: pbEncoded = (nil)) (:310)
 <capi20>:CryptEncodeObject (dwCertEncodingType = 65537, lpszStructType = 0x1c, pvStructInfo = 0x7ffe95bf33c8, pcbEncoded = 0x7ffe95bf327c) (:291)
 <capi20>:CryptEncodeObject (returned: pbEncoded = 0x1e36d40) (:310)
 <capi10>:CryptFindOIDInfo (dwKeyType = 1, pvKey = 0x1e2c5f0, dwGroupId = 1) (:1022)
 <capi10>:CryptFindOIDInfo returned: pRetOIDInfo = 0x7f0ca2b2e270 (:1067)
 <capi10>:CryptFindOIDInfo (dwKeyType = 1, pvKey = 0x1e00df0, dwGroupId = 3) (:1022)
 <capi10>:CryptFindOIDInfo returned: pRetOIDInfo = 0x7f0ca2b2e1b0 (:1067)
 <capi10>:CryptFindOIDInfo (dwKeyType = 1, pvKey = 0x7ffe95bf32e0, dwGroupId = 1) (:1022)
 <capi10>:CryptFindOIDInfo returned: pRetOIDInfo = 0x7f0ca2b2e270 (:1067)
 <capi10>:CryptCreateHash (hProv = 0x1e01b13, Algid = 0x8021, hKey = (nil), dwFlags = 0x0) (:1814)
 <csp>:CPCCreateHash (...) (:2552)
 <csp>:CPCCreateHash (hProv=0x8a0000b2, AlgID=0x8021, hKey=0x0, dwFlags=0x0). Result=1, Err=0x0, hHash=0xa7d00009. (:2650)
 <capi10>:CryptCreateHash returned: hHash = 0x1e3c5f3 (:1829)
 <capi10>:CryptHashData (hHash = 0x1e3c5f3, dwDataLen = 0xB, dwFlags = 0x0) (:1889)
 <csp>:CPCHashData (...) (:4981)
 <csp>:CPCHashData (hProv=0x8a0000b2, hHash=0xa7d00009, dwFlags=0x0). Result=1, Err=0x0. (:5034)
 <capi10>:CryptHashData returned (:1909)
 <capi10>:CryptGetHashParam (hHash = 0x1e3c5f3, dwParam = 2, dwFlags = 0x0) (:1316)
 <csp>:CPCGetHashParam (...) (:4320)
 <csp>:CPCGetHashParam (hProv=0x8a0000b2, hHash=0xa7d00009, dwParam=HP_HASHVAL, dwFlags=0x0). Result=1, Err=0x0. (:4342)
 <capi10>:CryptGetHashParam returned: dwDataLen = 0x20 (:1329)
 <capi10>:CryptGetHashParam (hHash = 0x1e3c5f3, dwParam = 2, dwFlags = 0x0) (:1316)
 <csp>:CPCGetHashParam (...) (:4320)
 <csp>:CPCGetHashParam (hProv=0x8a0000b2, hHash=0xa7d00009, dwParam=HP_HASHVAL, dwFlags=0x0). Result=1, Err=0x0. (:4342)
 <capi10>:CryptGetHashParam returned: dwDataLen = 0x20 (:1329)
 <capi10>:CryptGetHashParam (hHash = 0x1e3c5f3, dwParam = 2, dwFlags = 0x0) (:1316)
 <csp>:CPCGetHashParam (...) (:4320)
 <csp>:CPCGetHashParam (hProv=0x8a0000b2, hHash=0xa7d00009, dwParam=HP_HASHVAL, dwFlags=0x0). Result=1, Err=0x0. (:4342)
 <capi10>:CryptGetHashParam returned: dwDataLen = 0x20 (:1329)
 <capi10>:CryptGetHashParam (hHash = 0x1e3c5f3, dwParam = 2, dwFlags = 0x0) (:1316)
 <csp>:CPCGetHashParam (...) (:4320)
 <csp>:CPCGetHashParam (hProv=0x8a0000b2, hHash=0xa7d00009, dwParam=HP_HASHVAL, dwFlags=0x0). Result=1, Err=0x0. (:4342)
 <capi10>:CryptGetHashParam returned: dwDataLen = 0x20 (:1329)
 <capi10>:CryptFindOIDInfo (dwKeyType = 1, pvKey = 0x7ffe95bf3230, dwGroupId = 1) (:1022)
 <capi10>:CryptFindOIDInfo returned: pRetOIDInfo = 0x7f0ca2b2e270 (:1067)
 <capi10>:CryptCreateHash (hProv = 0x1e01b13, Algid = 0x8021, hKey = (nil), dwFlags = 0x0) (:1814)
 <csp>:CPCCreateHash (...) (:2552)
 <csp>:CPCCreateHash (hProv=0x8a0000b2, AlgID=0x8021, hKey=0x0, dwFlags=0x0). Result=1, Err=0x0, hHash=0x356000e7. (:2650)
 <capi10>:CryptCreateHash returned: hHash = 0x1e3d3f3 (:1829)
 <capi10>:CryptHashData (hHash = 0x1e3d3f3, dwDataLen = 0x1F7, dwFlags = 0x0) (:1889)
 <csp>:CPCHashData (...) (:4981)
 <csp>:CPCHashData (hProv=0x8a0000b2, hHash=0x356000e7, dwFlags=0x0). Result=1, Err=0x0. (:5034)
 <capi10>:CryptHashData returned (:1909)
 <capi10>:CryptSignHashW (hHash = 0x1e3d3f3, dwKeySpec = 1, pwszDescription = null, dwFlags = 0x0, pbSignature = (nil)) (:2047)
 <csp>:CPCSignHash (...) (:6747)
 <csp>:CreateKeyPairInfo (...) (:1189)
 <csp>:CPCSignHash (hProv=0x8a0000b2, hHash=0x356000e7, dwKeySpec=1, dwFlags=0x0). Result=1, Err=0x0. (:6795)
 <capi10>:CryptSignHashW returned: dwSigLen = 0x40 (:2075)
 <capi10>:CryptSignHashW (hHash = 0x1e3d3f3, dwKeySpec = 1, pwszDescription = null, dwFlags = 0x0, pbSignature = 0x1e40400) (:2047)
 <csp>:CPCSignHash (...) (:6747)
 <csp>:CreateKeyPairInfo (...) (:1189)
 <csp>:CreateKeyPairInfo GR3410:PRIVATEKEYBLOB (:1408)
 <csp>:log_public_key_in_sign Signing with public key: (:3869)
 <csp>:log_public_key_in_sign 000:39 8A B3 46 E3 0B 64 80 7C D9 EF AB 73 07 D4 01
 <csp>:log_public_key_in_sign 010:32 BE 3F 56 00 8E 38 1C D6 C1 52 D4 4C 93 DF AA
 <csp>:log_public_key_in_sign 020:EF C6 5B 1A F2 13 3C D4 A7 59 75 42 9F DA 0F 80
 <csp>:log_public_key_in_sign 030:C6 65 44 6B 7A D8 01 55 90 52 1F BF 4C 06 DC D8
 <csp>:CPCSignHash (hProv=0x8a0000b2, hHash=0x356000e7, dwKeySpec=1, dwFlags=0x0). Result=1, Err=0x0. (:6789)
 <capi10>:CryptSignHashW returned: dwSigLen = 0x40 (:2075)
 <capi10>:CryptDestroyHash (hHash = 0x1e3d3f3) (:1997)
 <csp>:CPCDestroyHash_impl (hHash=0x356000e7) (:2734)
 <csp>:CPCDestroyHash_impl (hProv=0x8a0000b2, hHash=0x356000e7). Result=1, Err=0x0. (:2753)
 <capi10>:CryptDestroyHash returned (:2009)
 <capi10>:CryptDestroyHash (hHash = 0x1e3c5f3) (:1997)
 <csp>:CPCDestroyHash_impl (hHash=0xa7d00009) (:2734)
 <csp>:CPCDestroyHash_impl (hProv=0x8a0000b2, hHash=0xa7d00009). Result=1, Err=0x0. (:2753)
 <capi10>:CryptDestroyHash returned (:2009)
 <capi20>:CertFreeCertificateContext (pCertContext = 0x1e00978) (:1028)
 <capi20>:CertFreeCertificateContext returned (:1039)
 <capi20>:CertCloseStore (hCertStore = 0x1dabd80, Flags = 0x00000002) (:969)
 <capi20>:CertCloseStore (hCertStore = 0x1daff10, Flags = 0x00000002) (:969)
 <capi10>:CryptReleaseContext (hProv = 0x1daac03, dwFlags = 0x0) (:920)
 <capi10>:CryptReleaseContext returned (:936)
 <capi20>:CertCloseStore returned (:1000)
 <capi20>:CertCloseStore returned (:1000)
